<?xml version="1.0" encoding="UTF-8"?>
<!-- Generated by org.testng.reporters.JUnitXMLReporter -->
<testsuite hostname="Irappa" name="Testfirefox" tests="4" failures="0" timestamp="14 Sep 2018 17:04:14 GMT" time="76.715" errors="0">
  <testcase name="testbInvalidLogin" time="7.961" classname="com.swc.testscripts.InvalidLogin"/>
  <testcase name="testValidLogin" time="2.112" classname="com.swc.testscripts.U_LoginPage"/>
  <testcase name="WaterConsumptionInLitres" time="5.114" classname="com.swc.testscripts.Home_page"/>
  <testcase name="WaterConsumptionInLitres" time="4.388" classname="com.swc.testscripts.Home_page"/>
</testsuite> <!-- Testfirefox -->
