<?xml version="1.0" encoding="UTF-8"?>
<testng-results skipped="0" failed="0" total="4" passed="4">
  <reporter-output>
    <line>
      <![CDATA[testbInvalidLogin is PASSED]]>
    </line>
    <line>
      <![CDATA[Login success for :Welcome uswm and verifying below message]]>
    </line>
    <line>
      <![CDATA[Home Page is Displayed]]>
    </line>
    <line>
      <![CDATA[Login success for: Welcome uswm]]>
    </line>
    <line>
      <![CDATA[testValidLogin is PASSED]]>
    </line>
    <line>
      <![CDATA[WaterConsumptionInLitres is PASSED]]>
    </line>
    <line>
      <![CDATA[WaterConsumptionInLitres is PASSED]]>
    </line>
  </reporter-output>
  <suite name="Suite" duration-ms="76715" started-at="2018-09-14T17:02:57Z" finished-at="2018-09-14T17:04:14Z">
    <groups>
      <group name="smoke">
        <method signature="U_LoginPage.testValidLogin()[pri:2, instance:com.swc.testscripts.U_LoginPage@22a67b4]" name="testValidLogin" class="com.swc.testscripts.U_LoginPage"/>
      </group> <!-- smoke -->
      <group name="login">
        <method signature="InvalidLogin.testbInvalidLogin()[pri:1, instance:com.swc.testscripts.InvalidLogin@57855c9a]" name="testbInvalidLogin" class="com.swc.testscripts.InvalidLogin"/>
        <method signature="U_LoginPage.testValidLogin()[pri:2, instance:com.swc.testscripts.U_LoginPage@22a67b4]" name="testValidLogin" class="com.swc.testscripts.U_LoginPage"/>
      </group> <!-- login -->
    </groups>
    <test name="Testfirefox" duration-ms="76715" started-at="2018-09-14T17:02:57Z" finished-at="2018-09-14T17:04:14Z">
      <class name="com.swc.testscripts.Home_page">
        <test-method status="PASS" signature="openApplication(java.lang.String, java.lang.String)[pri:0, instance:com.swc.testscripts.Home_page@3b084709]" name="openApplication" is-config="true" duration-ms="8351" started-at="2018-09-14T22:33:43Z" finished-at="2018-09-14T22:33:52Z">
          <params>
            <param index="0">
              <value>
                <![CDATA[localhost]]>
              </value>
            </param>
            <param index="1">
              <value>
                <![CDATA[firefox]]>
              </value>
            </param>
          </params>
          <reporter-output>
          </reporter-output>
        </test-method> <!-- openApplication -->
        <test-method status="PASS" signature="WaterConsumptionInLitres()[pri:3, instance:com.swc.testscripts.Home_page@3b084709]" name="WaterConsumptionInLitres" duration-ms="5114" started-at="2018-09-14T22:33:52Z" finished-at="2018-09-14T22:33:57Z">
          <reporter-output>
          </reporter-output>
        </test-method> <!-- WaterConsumptionInLitres -->
        <test-method status="PASS" signature="closeApplication(org.testng.ITestResult)[pri:0, instance:com.swc.testscripts.Home_page@3b084709]" name="closeApplication" is-config="true" duration-ms="2520" started-at="2018-09-14T22:33:57Z" finished-at="2018-09-14T22:33:59Z">
          <params>
            <param index="0">
              <value>
                <![CDATA[[TestResult name=WaterConsumptionInLitres status=SUCCESS method=Home_page.WaterConsumptionInLitres()[pri:3, instance:com.swc.testscripts.Home_page@3b084709] output={null}]]]>
              </value>
            </param>
          </params>
          <reporter-output>
            <line>
              <![CDATA[WaterConsumptionInLitres is PASSED]]>
            </line>
          </reporter-output>
        </test-method> <!-- closeApplication -->
        <test-method status="PASS" signature="openApplication(java.lang.String, java.lang.String)[pri:0, instance:com.swc.testscripts.Home_page@3b084709]" name="openApplication" is-config="true" duration-ms="7696" started-at="2018-09-14T22:33:59Z" finished-at="2018-09-14T22:34:07Z">
          <params>
            <param index="0">
              <value>
                <![CDATA[localhost]]>
              </value>
            </param>
            <param index="1">
              <value>
                <![CDATA[firefox]]>
              </value>
            </param>
          </params>
          <reporter-output>
          </reporter-output>
        </test-method> <!-- openApplication -->
        <test-method status="PASS" signature="WaterConsumptionInLitres()[pri:3, instance:com.swc.testscripts.Home_page@3b084709]" name="WaterConsumptionInLitres" duration-ms="4388" started-at="2018-09-14T22:34:07Z" finished-at="2018-09-14T22:34:11Z">
          <reporter-output>
          </reporter-output>
        </test-method> <!-- WaterConsumptionInLitres -->
        <test-method status="PASS" signature="closeApplication(org.testng.ITestResult)[pri:0, instance:com.swc.testscripts.Home_page@3b084709]" name="closeApplication" is-config="true" duration-ms="2286" started-at="2018-09-14T22:34:11Z" finished-at="2018-09-14T22:34:14Z">
          <params>
            <param index="0">
              <value>
                <![CDATA[[TestResult name=WaterConsumptionInLitres status=SUCCESS method=Home_page.WaterConsumptionInLitres()[pri:3, instance:com.swc.testscripts.Home_page@3b084709] output={null}]]]>
              </value>
            </param>
          </params>
          <reporter-output>
            <line>
              <![CDATA[WaterConsumptionInLitres is PASSED]]>
            </line>
          </reporter-output>
        </test-method> <!-- closeApplication -->
      </class> <!-- com.swc.testscripts.Home_page -->
      <class name="com.swc.testscripts.U_LoginPage">
        <test-method status="PASS" signature="openApplication(java.lang.String, java.lang.String)[pri:0, instance:com.swc.testscripts.U_LoginPage@22a67b4]" name="openApplication" is-config="true" duration-ms="7775" started-at="2018-09-14T22:33:31Z" finished-at="2018-09-14T22:33:39Z">
          <params>
            <param index="0">
              <value>
                <![CDATA[localhost]]>
              </value>
            </param>
            <param index="1">
              <value>
                <![CDATA[firefox]]>
              </value>
            </param>
          </params>
          <reporter-output>
          </reporter-output>
        </test-method> <!-- openApplication -->
        <test-method status="PASS" signature="testValidLogin()[pri:2, instance:com.swc.testscripts.U_LoginPage@22a67b4]" name="testValidLogin" duration-ms="2112" started-at="2018-09-14T22:33:39Z" finished-at="2018-09-14T22:33:41Z">
          <reporter-output>
            <line>
              <![CDATA[Login success for :Welcome uswm and verifying below message]]>
            </line>
            <line>
              <![CDATA[Home Page is Displayed]]>
            </line>
            <line>
              <![CDATA[Login success for: Welcome uswm]]>
            </line>
          </reporter-output>
        </test-method> <!-- testValidLogin -->
        <test-method status="PASS" signature="closeApplication(org.testng.ITestResult)[pri:0, instance:com.swc.testscripts.U_LoginPage@22a67b4]" name="closeApplication" is-config="true" duration-ms="2464" started-at="2018-09-14T22:33:41Z" finished-at="2018-09-14T22:33:43Z">
          <params>
            <param index="0">
              <value>
                <![CDATA[[TestResult name=testValidLogin status=SUCCESS method=U_LoginPage.testValidLogin()[pri:2, instance:com.swc.testscripts.U_LoginPage@22a67b4] output=Login success for :Welcome uswm and verifying below message]]]>
              </value>
            </param>
          </params>
          <reporter-output>
            <line>
              <![CDATA[testValidLogin is PASSED]]>
            </line>
          </reporter-output>
        </test-method> <!-- closeApplication -->
      </class> <!-- com.swc.testscripts.U_LoginPage -->
      <class name="com.swc.testscripts.InvalidLogin">
        <test-method status="PASS" signature="openApplication(java.lang.String, java.lang.String)[pri:0, instance:com.swc.testscripts.InvalidLogin@57855c9a]" name="openApplication" is-config="true" duration-ms="23630" started-at="2018-09-14T22:32:57Z" finished-at="2018-09-14T22:33:21Z">
          <params>
            <param index="0">
              <value>
                <![CDATA[localhost]]>
              </value>
            </param>
            <param index="1">
              <value>
                <![CDATA[firefox]]>
              </value>
            </param>
          </params>
          <reporter-output>
          </reporter-output>
        </test-method> <!-- openApplication -->
        <test-method status="PASS" signature="testbInvalidLogin()[pri:1, instance:com.swc.testscripts.InvalidLogin@57855c9a]" name="testbInvalidLogin" duration-ms="7961" started-at="2018-09-14T22:33:21Z" finished-at="2018-09-14T22:33:29Z">
          <reporter-output>
          </reporter-output>
        </test-method> <!-- testbInvalidLogin -->
        <test-method status="PASS" signature="closeApplication(org.testng.ITestResult)[pri:0, instance:com.swc.testscripts.InvalidLogin@57855c9a]" name="closeApplication" is-config="true" duration-ms="2383" started-at="2018-09-14T22:33:29Z" finished-at="2018-09-14T22:33:31Z">
          <params>
            <param index="0">
              <value>
                <![CDATA[[TestResult name=testbInvalidLogin status=SUCCESS method=InvalidLogin.testbInvalidLogin()[pri:1, instance:com.swc.testscripts.InvalidLogin@57855c9a] output={null}]]]>
              </value>
            </param>
          </params>
          <reporter-output>
            <line>
              <![CDATA[testbInvalidLogin is PASSED]]>
            </line>
          </reporter-output>
        </test-method> <!-- closeApplication -->
      </class> <!-- com.swc.testscripts.InvalidLogin -->
    </test> <!-- Testfirefox -->
  </suite> <!-- Suite -->
</testng-results>
